<?xml version="1.0" encoding="UTF-8"?>
<testng-results ignored="0" total="1" passed="1" failed="0" skipped="0">
  <reporter-output>
  </reporter-output>
  <suite started-at="2024-10-31T13:12:08 IST" name="Default suite" finished-at="2024-10-31T13:12:35 IST" duration-ms="26728">
    <groups>
    </groups>
    <test started-at="2024-10-31T13:12:08 IST" name="Default test" finished-at="2024-10-31T13:12:35 IST" duration-ms="26728">
      <class name="freshday.Freshday">
        <test-method is-config="true" signature="setup()[pri:0, instance:freshday.Freshday@2b40ff9c]" started-at="2024-10-31T13:12:08 IST" name="setup" finished-at="2024-10-31T13:12:10 IST" duration-ms="2646" status="PASS">
          <reporter-output>
          </reporter-output>
        </test-method> <!-- setup -->
        <test-method is-config="true" signature="urlloading()[pri:0, instance:freshday.Freshday@2b40ff9c]" started-at="2024-10-31T13:12:11 IST" name="urlloading" finished-at="2024-10-31T13:12:15 IST" duration-ms="4494" status="PASS">
          <reporter-output>
          </reporter-output>
        </test-method> <!-- urlloading -->
        <test-method signature="test()[pri:0, instance:freshday.Freshday@2b40ff9c]" started-at="2024-10-31T13:12:15 IST" name="test" finished-at="2024-10-31T13:12:34 IST" duration-ms="19212" status="PASS">
          <reporter-output>
          </reporter-output>
        </test-method> <!-- test -->
        <test-method is-config="true" signature="closebrowser()[pri:0, instance:freshday.Freshday@2b40ff9c]" started-at="2024-10-31T13:12:34 IST" name="closebrowser" finished-at="2024-10-31T13:12:35 IST" duration-ms="282" status="PASS">
          <reporter-output>
          </reporter-output>
        </test-method> <!-- closebrowser -->
      </class> <!-- freshday.Freshday -->
    </test> <!-- Default test -->
  </suite> <!-- Default suite -->
</testng-results>
